<?xml version="1.0" encoding="UTF-8"?>
<!-- Generated by org.testng.reporters.JUnitReportReporter -->
<testsuite hostname="exe0028" failures="0" tests="5" name="com.truepush.testcases.TC_ProjectPage_001" time="38.430" errors="0" timestamp="2022-03-14T11:35:56 IST" skipped="0">
  <testcase classname="com.truepush.testcases.TC_ProjectPage_001" name="ProjectPageTest_003" time="6.560"/>
  <system-out/>
  <testcase classname="com.truepush.testcases.TC_ProjectPage_001" name="ProjectPageTest_001" time="6.533"/>
  <system-out/>
  <testcase classname="com.truepush.testcases.TC_ProjectPage_001" name="ProjectPageTest_002" time="6.757"/>
  <system-out/>
  <testcase classname="com.truepush.testcases.TC_ProjectPage_001" name="ProjectPageTest_005" time="8.549"/>
  <system-out/>
  <testcase classname="com.truepush.testcases.TC_ProjectPage_001" name="ProjectPageTest_004" time="10.031"/>
  <system-out/>
</testsuite> <!-- com.truepush.testcases.TC_ProjectPage_001 -->
